Using pre-set license
Built from '2020.3/staging' branch; Version is '2020.3.13f1 (71691879b7f5) revision 7432472'; Using compiler version '192528614'; Build Type 'Release'
OS: 'Windows 10 Enterprise; OS build 22000.493; Version 2009; 64bit' Language: 'pt' Physical Memory: 32719 MB
BatchMode: 1, IsHumanControllingUs: 0, StartBugReporterOnCrash: 0, Is64bit: 1, IsPro: 0

 COMMAND LINE ARGUMENTS:
C:\Program Files\Unity\Hub\Editor\2020.3.13f1\Editor\Unity.exe
-adb2
-batchMode
-noUpm
-name
AssetImportWorker0
-projectPath
D:/_Ramon_Pablo_pasta/_Documentos/Universidade_Positivo/Oddity Enterteiment/Zee/Zee - Particles
-logFile
Logs/AssetImportWorker0.log
-srvPort
54714
Successfully changed project path to: D:/_Ramon_Pablo_pasta/_Documentos/Universidade_Positivo/Oddity Enterteiment/Zee/Zee - Particles
D:/_Ramon_Pablo_pasta/_Documentos/Universidade_Positivo/Oddity Enterteiment/Zee/Zee - Particles
Using Asset Import Pipeline V2.
Refreshing native plugins compatible for Editor in 164.83 ms, found 2 plugins.
Preloading 0 native plugins for Editor in 0.00 ms.
Initialize engine version: 2020.3.13f1 (71691879b7f5)
[Subsystems] Discovering subsystems at path C:/Program Files/Unity/Hub/Editor/2020.3.13f1/Editor/Data/Resources/UnitySubsystems
[Subsystems] Discovering subsystems at path D:/_Ramon_Pablo_pasta/_Documentos/Universidade_Positivo/Oddity Enterteiment/Zee/Zee - Particles/Assets
GfxDevice: creating device client; threaded=0
Direct3D:
    Version:  Direct3D 11.0 [level 11.1]
    Renderer: NVIDIA GeForce GTX 1060 6GB (ID=0x1c03)
    Vendor:   
    VRAM:     6052 MB
    Driver:   30.0.15.1165
Shader 'Universal Render Pipeline/Particles/Lit': fallback shader 'Universal Render Pipeline/Particles/SimpleLit' not found
Initialize mono
Mono path[0] = 'C:/Program Files/Unity/Hub/Editor/2020.3.13f1/Editor/Data/Managed'
Mono path[1] = 'C:/Program Files/Unity/Hub/Editor/2020.3.13f1/Editor/Data/MonoBleedingEdge/lib/mono/unityjit'
Mono config path = 'C:/Program Files/Unity/Hub/Editor/2020.3.13f1/Editor/Data/MonoBleedingEdge/etc'
Using monoOptions --debugger-agent=transport=dt_socket,embedding=1,server=y,suspend=n,address=127.0.0.1:56444
Begin MonoManager ReloadAssembly
Registering precompiled unity dll's ...
Register platform support module: C:/Program Files/Unity/Hub/Editor/2020.3.13f1/Editor/Data/PlaybackEngines/WindowsStandaloneSupport/UnityEditor.WindowsStandalone.Extensions.dll
Registered in 0.001105 seconds.
Native extension for WindowsStandalone target not found
Refreshing native plugins compatible for Editor in 91.13 ms, found 2 plugins.
Preloading 0 native plugins for Editor in 0.00 ms.
Mono: successfully reloaded assembly
- Completed reload, in  1.225 seconds
Platform modules already initialized, skipping
Registering precompiled user dll's ...
Registered in 0.007522 seconds.
Begin MonoManager ReloadAssembly
Native extension for WindowsStandalone target not found
Refreshing native plugins compatible for Editor in 101.16 ms, found 2 plugins.
Preloading 0 native plugins for Editor in 0.00 ms.
Mono: successfully reloaded assembly
- Completed reload, in  1.272 seconds
Platform modules already initialized, skipping
========================================================================
Worker process is ready to serve import requests
Shader 'Universal Render Pipeline/Particles/Lit': fallback shader 'Universal Render Pipeline/Particles/SimpleLit' not found
Launched and connected shader compiler UnityShaderCompiler.exe after 0.03 seconds
Refreshing native plugins compatible for Editor in 1.06 ms, found 2 plugins.
Preloading 0 native plugins for Editor in 0.00 ms.
Unloading 3333 Unused Serialized files (Serialized files now loaded: 0)
System memory in use before: 144.0 MB.
System memory in use after: 144.2 MB.

Unloading 59 unused Assets to reduce memory usage. Loaded Objects now: 3736.
Total: 6.205500 ms (FindLiveObjects: 0.400400 ms CreateObjectMapping: 0.088300 ms MarkObjects: 5.625200 ms  DeleteObjects: 0.090100 ms)

AssetImportParameters requested are different than current active one (requested -> active):
  custom:framework-win-MediaFoundation: 216162199b28c13a410421893ffa2e32 -> 
  custom:video-decoder-ogg-theora: a1e56fd34408186e4bbccfd4996cb3dc -> 
  custom:container-muxer-webm: aa71ff27fc2769a1b78a27578f13a17b -> 
  custom:container-demuxer-webm: 4f35f7cbe854078d1ac9338744f61a02 -> 
  custom:container-demuxer-ogg: 62fdf1f143b41e24485cea50d1cbac27 -> 
  custom:video-encoder-webm-vp8: eb34c28f22e8b96e1ab97ce403110664 -> 
  custom:video-decoder-webm-vp8: 9c59270c3fd7afecdb556c50c9e8de78 -> 
  custom:audio-decoder-ogg-vorbis: bf7c407c2cedff20999df2af8eb42d56 -> 
  custom:audio-encoder-webm-vorbis: bf7c407c2cedff20999df2af8eb42d56 -> 
========================================================================
Received Import Request.
  path: Assets/deslise.physicMaterial
  artifactKey: Guid(4073d226256e48343930c3abd18ee238) Importer(815301076,1909f56bfc062723c751e8b465ee728b)
Start importing Assets/deslise.physicMaterial using Guid(4073d226256e48343930c3abd18ee238) Importer(815301076,1909f56bfc062723c751e8b465ee728b)  -> (artifact id: '81255bdbbcab7578a00c03d172f7af05') in 0.061174 seconds 
  Import took 0.079428 seconds .

========================================================================
Received Import Request.
  Time since last request: 0.000217 seconds.
  path: Assets/ForwardRenderer.asset
  artifactKey: Guid(f41dc529d53f64541b42a5ef27b19c50) Importer(815301076,1909f56bfc062723c751e8b465ee728b)
Start importing Assets/ForwardRenderer.asset using Guid(f41dc529d53f64541b42a5ef27b19c50) Importer(815301076,1909f56bfc062723c751e8b465ee728b)  -> (artifact id: '6dcd0b28e1dac427482fc33276c02067') in 0.199074 seconds 
  Import took 0.394071 seconds .

========================================================================
Received Import Request.
  Time since last request: 0.000282 seconds.
  path: Assets/LightweightAsset.asset
  artifactKey: Guid(d0bc5293770056249b12ed2a3f788edf) Importer(815301076,1909f56bfc062723c751e8b465ee728b)
Start importing Assets/LightweightAsset.asset using Guid(d0bc5293770056249b12ed2a3f788edf) Importer(815301076,1909f56bfc062723c751e8b465ee728b)  -> (artifact id: '528728dc26a1a74ab7bf7f53ee04daf1') in 0.090282 seconds 
  Import took 0.098824 seconds .

AssetImportWorkerClient::OnTransportError - code=2 error=End of file
